<?xml version="1.0" encoding="UTF-8"?>
<testng-results ignored="0" total="6" passed="5" failed="1" skipped="0">
  <reporter-output>
  </reporter-output>
  <suite started-at="2023-03-03T22:02:29 IST" name="Suite" finished-at="2023-03-03T22:04:03 IST" duration-ms="93735">
    <groups>
    </groups>
    <test started-at="2023-03-03T22:02:29 IST" name="Test" finished-at="2023-03-03T22:04:03 IST" duration-ms="93735">
      <class name="DemoEcomm.commputers">
        <test-method is-config="true" signature="dosetup()[pri:0, instance:DemoEcomm.commputers@25084a1e]" started-at="2023-03-03T22:02:29 IST" name="dosetup" finished-at="2023-03-03T22:02:44 IST" duration-ms="14640" status="PASS">
          <reporter-output>
          </reporter-output>
        </test-method> <!-- dosetup -->
        <test-method signature="computersTest()[pri:0, instance:DemoEcomm.commputers@25084a1e]" started-at="2023-03-03T22:02:44 IST" name="computersTest" finished-at="2023-03-03T22:02:58 IST" duration-ms="14334" status="PASS">
          <reporter-output>
          </reporter-output>
        </test-method> <!-- computersTest -->
      </class> <!-- DemoEcomm.commputers -->
      <class name="DemoEcomm.BooksFunctionality$Books">
        <test-method is-config="true" signature="doSetup()[pri:0, instance:DemoEcomm.BooksFunctionality$Books@7c711375]" started-at="2023-03-03T22:03:19 IST" name="doSetup" finished-at="2023-03-03T22:03:22 IST" duration-ms="2387" status="PASS">
          <reporter-output>
          </reporter-output>
        </test-method> <!-- doSetup -->
        <test-method signature="sortingFunc()[pri:1, instance:DemoEcomm.BooksFunctionality$Books@7c711375]" started-at="2023-03-03T22:03:22 IST" name="sortingFunc" finished-at="2023-03-03T22:03:27 IST" duration-ms="5348" status="FAIL">
          <exception class="org.openqa.selenium.StaleElementReferenceException">
            <message>
              <![CDATA[stale element reference: element is not attached to the page document
  (Session info: chrome=110.0.5481.178)
For documentation on this error, please visit: https://selenium.dev/exceptions/#stale_element_reference
Build info: version: '4.7.2', revision: '4d4020c3b7'
System info: os.name: 'Windows 10', os.arch: 'amd64', os.version: '10.0', java.version: '17.0.5'
Driver info: org.openqa.selenium.chrome.ChromeDriver
Command: [5c0d1d96b09bc089a9f67d8c66044cea, isElementEnabled {id=342ffade-85fc-438a-aae0-c4a9c98305c2}]
Capabilities {acceptInsecureCerts: false, browserName: chrome, browserVersion: 110.0.5481.178, chrome: {chromedriverVersion: 110.0.5481.77 (65ed616c6e8e..., userDataDir: C:\Users\SWAPNI~1\AppData\L...}, goog:chromeOptions: {debuggerAddress: localhost:63896}, networkConnectionEnabled: false, pageLoadStrategy: normal, platformName: WINDOWS, proxy: Proxy(), se:cdp: ws://localhost:63896/devtoo..., se:cdpVersion: 110.0.5481.178, setWindowRect: true, strictFileInteractability: false, timeouts: {implicit: 0, pageLoad: 300000, script: 30000}, unhandledPromptBehavior: dismiss and notify, webauthn:extension:credBlob: true, webauthn:extension:largeBlob: true, webauthn:virtualAuthenticators: true}
Element: [[ChromeDriver: chrome on WINDOWS (5c0d1d96b09bc089a9f67d8c66044cea)] -> xpath: //select[@name='products-pagesize']]
Session ID: 5c0d1d96b09bc089a9f67d8c66044cea]]>
            </message>
            <full-stacktrace>
              <![CDATA[org.openqa.selenium.StaleElementReferenceException: stale element reference: element is not attached to the page document
  (Session info: chrome=110.0.5481.178)
For documentation on this error, please visit: https://selenium.dev/exceptions/#stale_element_reference
Build info: version: '4.7.2', revision: '4d4020c3b7'
System info: os.name: 'Windows 10', os.arch: 'amd64', os.version: '10.0', java.version: '17.0.5'
Driver info: org.openqa.selenium.chrome.ChromeDriver
Command: [5c0d1d96b09bc089a9f67d8c66044cea, isElementEnabled {id=342ffade-85fc-438a-aae0-c4a9c98305c2}]
Capabilities {acceptInsecureCerts: false, browserName: chrome, browserVersion: 110.0.5481.178, chrome: {chromedriverVersion: 110.0.5481.77 (65ed616c6e8e..., userDataDir: C:\Users\SWAPNI~1\AppData\L...}, goog:chromeOptions: {debuggerAddress: localhost:63896}, networkConnectionEnabled: false, pageLoadStrategy: normal, platformName: WINDOWS, proxy: Proxy(), se:cdp: ws://localhost:63896/devtoo..., se:cdpVersion: 110.0.5481.178, setWindowRect: true, strictFileInteractability: false, timeouts: {implicit: 0, pageLoad: 300000, script: 30000}, unhandledPromptBehavior: dismiss and notify, webauthn:extension:credBlob: true, webauthn:extension:largeBlob: true, webauthn:virtualAuthenticators: true}
Element: [[ChromeDriver: chrome on WINDOWS (5c0d1d96b09bc089a9f67d8c66044cea)] -> xpath: //select[@name='products-pagesize']]
Session ID: 5c0d1d96b09bc089a9f67d8c66044cea
at java.base/jdk.internal.reflect.NativeConstructorAccessorImpl.newInstance0(Native Method)
at java.base/jdk.internal.reflect.NativeConstructorAccessorImpl.newInstance(NativeConstructorAccessorImpl.java:77)
at java.base/jdk.internal.reflect.DelegatingConstructorAccessorImpl.newInstance(DelegatingConstructorAccessorImpl.java:45)
at java.base/java.lang.reflect.Constructor.newInstanceWithCaller(Constructor.java:499)
at java.base/java.lang.reflect.Constructor.newInstance(Constructor.java:480)
at org.openqa.selenium.remote.codec.w3c.W3CHttpResponseCodec.createException(W3CHttpResponseCodec.java:200)
at org.openqa.selenium.remote.codec.w3c.W3CHttpResponseCodec.decode(W3CHttpResponseCodec.java:133)
at org.openqa.selenium.remote.codec.w3c.W3CHttpResponseCodec.decode(W3CHttpResponseCodec.java:53)
at org.openqa.selenium.remote.HttpCommandExecutor.execute(HttpCommandExecutor.java:184)
at org.openqa.selenium.remote.service.DriverCommandExecutor.invokeExecute(DriverCommandExecutor.java:167)
at org.openqa.selenium.remote.service.DriverCommandExecutor.execute(DriverCommandExecutor.java:142)
at org.openqa.selenium.remote.RemoteWebDriver.execute(RemoteWebDriver.java:535)
at org.openqa.selenium.remote.RemoteWebElement.execute(RemoteWebElement.java:257)
at org.openqa.selenium.remote.RemoteWebElement.isEnabled(RemoteWebElement.java:196)
at org.openqa.selenium.support.ui.Select.assertSelectIsEnabled(Select.java:331)
at org.openqa.selenium.support.ui.Select.selectByValue(Select.java:193)
at DemoEcomm.BooksFunctionality$Books.sortingFunc(BooksFunctionality.java:32)
at java.base/jdk.internal.reflect.NativeMethodAccessorImpl.invoke0(Native Method)
at java.base/jdk.internal.reflect.NativeMethodAccessorImpl.invoke(NativeMethodAccessorImpl.java:77)
at java.base/jdk.internal.reflect.DelegatingMethodAccessorImpl.invoke(DelegatingMethodAccessorImpl.java:43)
at java.base/java.lang.reflect.Method.invoke(Method.java:568)
at org.testng.internal.MethodInvocationHelper.invokeMethod(MethodInvocationHelper.java:133)
at org.testng.internal.TestInvoker.invokeMethod(TestInvoker.java:598)
at org.testng.internal.TestInvoker.invokeTestMethod(TestInvoker.java:173)
at org.testng.internal.MethodRunner.runInSequence(MethodRunner.java:46)
at org.testng.internal.TestInvoker$MethodInvocationAgent.invoke(TestInvoker.java:824)
at org.testng.internal.TestInvoker.invokeTestMethods(TestInvoker.java:146)
at org.testng.internal.TestMethodWorker.invokeTestMethods(TestMethodWorker.java:146)
at org.testng.internal.TestMethodWorker.run(TestMethodWorker.java:128)
at java.base/java.util.ArrayList.forEach(ArrayList.java:1511)
at org.testng.TestRunner.privateRun(TestRunner.java:794)
at org.testng.TestRunner.run(TestRunner.java:596)
at org.testng.SuiteRunner.runTest(SuiteRunner.java:377)
at org.testng.SuiteRunner.runSequentially(SuiteRunner.java:371)
at org.testng.SuiteRunner.privateRun(SuiteRunner.java:332)
at org.testng.SuiteRunner.run(SuiteRunner.java:276)
at org.testng.SuiteRunnerWorker.runSuite(SuiteRunnerWorker.java:53)
at org.testng.SuiteRunnerWorker.run(SuiteRunnerWorker.java:96)
at org.testng.TestNG.runSuitesSequentially(TestNG.java:1212)
at org.testng.TestNG.runSuitesLocally(TestNG.java:1134)
at org.testng.TestNG.runSuites(TestNG.java:1063)
at org.testng.TestNG.run(TestNG.java:1031)
at org.testng.remote.AbstractRemoteTestNG.run(AbstractRemoteTestNG.java:115)
at org.testng.remote.RemoteTestNG.initAndRun(RemoteTestNG.java:251)
at org.testng.remote.RemoteTestNG.main(RemoteTestNG.java:77)
]]>
            </full-stacktrace>
          </exception> <!-- org.openqa.selenium.StaleElementReferenceException -->
          <reporter-output>
          </reporter-output>
        </test-method> <!-- sortingFunc -->
      </class> <!-- DemoEcomm.BooksFunctionality$Books -->
      <class name="DemoEcomm.electronicsFunct">
        <test-method is-config="true" signature="dosetup()[pri:0, instance:DemoEcomm.electronicsFunct@5a56cdac]" started-at="2023-03-03T22:02:58 IST" name="dosetup" finished-at="2023-03-03T22:03:02 IST" duration-ms="3285" status="PASS">
          <reporter-output>
          </reporter-output>
        </test-method> <!-- dosetup -->
        <test-method signature="testEleFunct()[pri:0, instance:DemoEcomm.electronicsFunct@5a56cdac]" started-at="2023-03-03T22:03:02 IST" name="testEleFunct" finished-at="2023-03-03T22:03:12 IST" duration-ms="10861" status="PASS">
          <reporter-output>
          </reporter-output>
        </test-method> <!-- testEleFunct -->
      </class> <!-- DemoEcomm.electronicsFunct -->
      <class name="DemoEcomm.LoginPage">
        <test-method is-config="true" signature="doSetup()[pri:0, instance:DemoEcomm.LoginPage@37d4349f]" started-at="2023-03-03T22:03:12 IST" name="doSetup" finished-at="2023-03-03T22:03:15 IST" duration-ms="2790" status="PASS">
          <reporter-output>
          </reporter-output>
        </test-method> <!-- doSetup -->
        <test-method signature="launchWebApp()[pri:1, instance:DemoEcomm.LoginPage@37d4349f]" started-at="2023-03-03T22:03:15 IST" name="launchWebApp" finished-at="2023-03-03T22:03:19 IST" duration-ms="4022" status="PASS">
          <reporter-output>
          </reporter-output>
        </test-method> <!-- launchWebApp -->
        <test-method is-config="true" signature="doSetup()[pri:0, instance:DemoEcomm.LoginPage@37d4349f]" started-at="2023-03-03T22:03:27 IST" name="doSetup" finished-at="2023-03-03T22:03:32 IST" duration-ms="4661" status="PASS">
          <reporter-output>
          </reporter-output>
        </test-method> <!-- doSetup -->
        <test-method signature="registerUserFunctionality()[pri:2, instance:DemoEcomm.LoginPage@37d4349f]" started-at="2023-03-03T22:03:32 IST" name="registerUserFunctionality" finished-at="2023-03-03T22:03:44 IST" duration-ms="12378" status="PASS">
          <reporter-output>
          </reporter-output>
        </test-method> <!-- registerUserFunctionality -->
        <test-method is-config="true" signature="doSetup()[pri:0, instance:DemoEcomm.LoginPage@37d4349f]" started-at="2023-03-03T22:03:44 IST" name="doSetup" finished-at="2023-03-03T22:03:50 IST" duration-ms="6207" status="PASS">
          <reporter-output>
          </reporter-output>
        </test-method> <!-- doSetup -->
        <test-method signature="loginFunctionality()[pri:3, instance:DemoEcomm.LoginPage@37d4349f]" started-at="2023-03-03T22:03:50 IST" name="loginFunctionality" finished-at="2023-03-03T22:04:03 IST" depends-on-methods="DemoEcomm.LoginPage.registerUserFunctionality" duration-ms="12619" status="PASS">
          <reporter-output>
          </reporter-output>
        </test-method> <!-- loginFunctionality -->
      </class> <!-- DemoEcomm.LoginPage -->
    </test> <!-- Test -->
  </suite> <!-- Suite -->
</testng-results>
